Traceback (most recent call last):
  File "train.py", line 15, in <module>
Traceback (most recent call last):
  File "train.py", line 15, in <module>
Traceback (most recent call last):
  File "train.py", line 15, in <module>
Traceback (most recent call last):
  File "train.py", line 15, in <module>
    from models import *
  File "/home/hadoop/scx/mvsnet/mvsnet/Mask_upsup_D2HC-RMVSNet-master/models/__init__.py", line 2, in <module>
    from models import *
  File "/home/hadoop/scx/mvsnet/mvsnet/Mask_upsup_D2HC-RMVSNet-master/models/__init__.py", line 2, in <module>
    from models.vamvsnet import *
    from models import *
  File "/home/hadoop/scx/mvsnet/mvsnet/Mask_upsup_D2HC-RMVSNet-master/models/__init__.py", line 2, in <module>
  File "/home/hadoop/scx/mvsnet/mvsnet/Mask_upsup_D2HC-RMVSNet-master/models/vamvsnet.py", line 766
    step_max = step_max.unsqueeze(1).repeat(1, (max_R * 2 + 1) * (max_R * 2 + 1), 1, 1)
    from models.vamvsnet import *
  File "/home/hadoop/scx/mvsnet/mvsnet/Mask_upsup_D2HC-RMVSNet-master/models/vamvsnet.py", line 766
                                                                                      ^
    step_max = step_max.unsqueeze(1).repeat(1, (max_R * 2 + 1) * (max_R * 2 + 1), 1, 1)
TabError: inconsistent use of tabs and spaces in indentation
    from models.vamvsnet import *
                                                                                      ^
    from models import *
  File "/home/hadoop/scx/mvsnet/mvsnet/Mask_upsup_D2HC-RMVSNet-master/models/vamvsnet.py", line 766
TabError: inconsistent use of tabs and spaces in indentation
  File "/home/hadoop/scx/mvsnet/mvsnet/Mask_upsup_D2HC-RMVSNet-master/models/__init__.py", line 2, in <module>
    step_max = step_max.unsqueeze(1).repeat(1, (max_R * 2 + 1) * (max_R * 2 + 1), 1, 1)
                                                                                      ^
TabError: inconsistent use of tabs and spaces in indentation
    from models.vamvsnet import *
  File "/home/hadoop/scx/mvsnet/mvsnet/Mask_upsup_D2HC-RMVSNet-master/models/vamvsnet.py", line 766
    step_max = step_max.unsqueeze(1).repeat(1, (max_R * 2 + 1) * (max_R * 2 + 1), 1, 1)
                                                                                      ^
TabError: inconsistent use of tabs and spaces in indentation
Traceback (most recent call last):
  File "/home/hadoop/scx/mvsnet/anaconda3/envs/drmvsnet/lib/python3.6/runpy.py", line 193, in _run_module_as_main
    "__main__", mod_spec)
  File "/home/hadoop/scx/mvsnet/anaconda3/envs/drmvsnet/lib/python3.6/runpy.py", line 85, in _run_code
    exec(code, run_globals)
  File "/home/hadoop/scx/mvsnet/anaconda3/envs/drmvsnet/lib/python3.6/site-packages/torch/distributed/launch.py", line 260, in <module>
    main()
  File "/home/hadoop/scx/mvsnet/anaconda3/envs/drmvsnet/lib/python3.6/site-packages/torch/distributed/launch.py", line 256, in main
    cmd=cmd)
subprocess.CalledProcessError: Command '['/home/hadoop/scx/mvsnet/anaconda3/envs/drmvsnet/bin/python', '-u', 'train.py', '--local_rank=3', '--dataset=dtu_yao', '--model=drmvsnet', '--batch_size=2', '--trainpath=/home/hadoop/scx/mvsnet/trainingdata/dtu_training', '--loss=unsup_loss', '--lr=0.001', '--epochs=10', '--loss_w=4', '--lr_scheduler=cosinedecay', '--optimizer=Adam', '--view_num=7', '--inverse_depth=False', '--image_scale=0.25', '--using_apex', '--reg_loss=True', '--gn=True', '--ngpu=4', '--fea_net=FeatNet', '--cost_net=UNetConvLSTM', '--trainlist=lists/dtu/train.txt', '--vallist=lists/dtu/val.txt', '--testlist=lists/dtu/test.txt', '--numdepth=128', '--interval_scale=1.06', '--logdir=./checkpoints/0415_drmvs_g4_b2_d128_is1.06_unsup_loss_lr0.001_opAdam_ep10__shcosinedecay_FeatNet_UNetConvLSTM_vn7_is0.25_gnTrue_v1.26_newdepth']' returned non-zero exit status 1.
*****************************************
Setting OMP_NUM_THREADS environment variable for each process to be 1 in default, to avoid your system being overloaded, please further tune the variable for optimal performance in your application as needed. 
*****************************************
